c:\users\jiaqi\desktop\study\ss23\520\csci520-assignment2\ide-starter\vs2017\mocapplayer\debug\vc143.pdb
c:\users\jiaqi\desktop\study\ss23\520\csci520-assignment2\ide-starter\vs2017\mocapplayer\debug\vc143.idb
c:\users\jiaqi\desktop\study\ss23\520\csci520-assignment2\ide-starter\vs2017\mocapplayer\debug\vector.obj
c:\users\jiaqi\desktop\study\ss23\520\csci520-assignment2\ide-starter\vs2017\mocapplayer\debug\transform.obj
c:\users\jiaqi\desktop\study\ss23\520\csci520-assignment2\ide-starter\vs2017\mocapplayer\debug\skeleton.obj
c:\users\jiaqi\desktop\study\ss23\520\csci520-assignment2\ide-starter\vs2017\mocapplayer\debug\quaternion.obj
c:\users\jiaqi\desktop\study\ss23\520\csci520-assignment2\ide-starter\vs2017\mocapplayer\debug\ppm.obj
c:\users\jiaqi\desktop\study\ss23\520\csci520-assignment2\ide-starter\vs2017\mocapplayer\debug\posture.obj
c:\users\jiaqi\desktop\study\ss23\520\csci520-assignment2\ide-starter\vs2017\mocapplayer\debug\pic.obj
c:\users\jiaqi\desktop\study\ss23\520\csci520-assignment2\ide-starter\vs2017\mocapplayer\debug\performancecounter.obj
c:\users\jiaqi\desktop\study\ss23\520\csci520-assignment2\ide-starter\vs2017\mocapplayer\debug\motion.obj
c:\users\jiaqi\desktop\study\ss23\520\csci520-assignment2\ide-starter\vs2017\mocapplayer\debug\mocapplayer.obj
c:\users\jiaqi\desktop\study\ss23\520\csci520-assignment2\ide-starter\vs2017\mocapplayer\debug\interface.obj
c:\users\jiaqi\desktop\study\ss23\520\csci520-assignment2\ide-starter\vs2017\mocapplayer\debug\displayskeleton.obj
c:\users\jiaqi\desktop\study\ss23\520\csci520-assignment2\ide-starter\vs2017\mocapplayer\debug\mocapplayer.ilk
c:\users\jiaqi\desktop\study\ss23\520\csci520-assignment2\ide-starter\vs2017\debug\mocapplayer.exe
c:\users\jiaqi\desktop\study\ss23\520\csci520-assignment2\ide-starter\vs2017\debug\mocapplayer.pdb
c:\users\jiaqi\desktop\study\ss23\520\csci520-assignment2\ide-starter\vs2017\mocapplayer\debug\mocapplayer.tlog\cl.command.1.tlog
c:\users\jiaqi\desktop\study\ss23\520\csci520-assignment2\ide-starter\vs2017\mocapplayer\debug\mocapplayer.tlog\cl.read.1.tlog
c:\users\jiaqi\desktop\study\ss23\520\csci520-assignment2\ide-starter\vs2017\mocapplayer\debug\mocapplayer.tlog\cl.write.1.tlog
c:\users\jiaqi\desktop\study\ss23\520\csci520-assignment2\ide-starter\vs2017\mocapplayer\debug\mocapplayer.tlog\link.command.1.tlog
c:\users\jiaqi\desktop\study\ss23\520\csci520-assignment2\ide-starter\vs2017\mocapplayer\debug\mocapplayer.tlog\link.read.1.tlog
c:\users\jiaqi\desktop\study\ss23\520\csci520-assignment2\ide-starter\vs2017\mocapplayer\debug\mocapplayer.tlog\link.write.1.tlog
