c:\users\jiaqi\desktop\study\ss23\520\csci520-assignment2-startercode\ide-starter\vs2017\interpolate\debug\vc143.pdb
c:\users\jiaqi\desktop\study\ss23\520\csci520-assignment2-startercode\ide-starter\vs2017\interpolate\debug\vc143.idb
c:\users\jiaqi\desktop\study\ss23\520\csci520-assignment2-startercode\ide-starter\vs2017\interpolate\debug\vector.obj
c:\users\jiaqi\desktop\study\ss23\520\csci520-assignment2-startercode\ide-starter\vs2017\interpolate\debug\transform.obj
c:\users\jiaqi\desktop\study\ss23\520\csci520-assignment2-startercode\ide-starter\vs2017\interpolate\debug\skeleton.obj
c:\users\jiaqi\desktop\study\ss23\520\csci520-assignment2-startercode\ide-starter\vs2017\interpolate\debug\quaternion.obj
c:\users\jiaqi\desktop\study\ss23\520\csci520-assignment2-startercode\ide-starter\vs2017\interpolate\debug\posture.obj
c:\users\jiaqi\desktop\study\ss23\520\csci520-assignment2-startercode\ide-starter\vs2017\interpolate\debug\performancecounter.obj
c:\users\jiaqi\desktop\study\ss23\520\csci520-assignment2-startercode\ide-starter\vs2017\interpolate\debug\motion.obj
c:\users\jiaqi\desktop\study\ss23\520\csci520-assignment2-startercode\ide-starter\vs2017\interpolate\debug\interpolator.obj
c:\users\jiaqi\desktop\study\ss23\520\csci520-assignment2-startercode\ide-starter\vs2017\interpolate\debug\interpolate.obj
c:\users\jiaqi\desktop\study\ss23\520\csci520-assignment2-startercode\ide-starter\vs2017\interpolate\debug\interpolate.ilk
c:\users\jiaqi\desktop\study\ss23\520\csci520-assignment2-startercode\ide-starter\vs2017\debug\interpolate.exe
c:\users\jiaqi\desktop\study\ss23\520\csci520-assignment2-startercode\ide-starter\vs2017\debug\interpolate.pdb
c:\users\jiaqi\desktop\study\ss23\520\csci520-assignment2-startercode\ide-starter\vs2017\interpolate\debug\interpolate.tlog\cl.command.1.tlog
c:\users\jiaqi\desktop\study\ss23\520\csci520-assignment2-startercode\ide-starter\vs2017\interpolate\debug\interpolate.tlog\cl.read.1.tlog
c:\users\jiaqi\desktop\study\ss23\520\csci520-assignment2-startercode\ide-starter\vs2017\interpolate\debug\interpolate.tlog\cl.write.1.tlog
c:\users\jiaqi\desktop\study\ss23\520\csci520-assignment2-startercode\ide-starter\vs2017\interpolate\debug\interpolate.tlog\link.command.1.tlog
c:\users\jiaqi\desktop\study\ss23\520\csci520-assignment2-startercode\ide-starter\vs2017\interpolate\debug\interpolate.tlog\link.read.1.tlog
c:\users\jiaqi\desktop\study\ss23\520\csci520-assignment2-startercode\ide-starter\vs2017\interpolate\debug\interpolate.tlog\link.write.1.tlog
